ERROR:root:Failed to load Data/unbalanced_twitter_btc_big.csv: Error tokenizing data. C error: Buffer overflow caught - possible malformed input file.

ERROR:root:Failed to load Data/bitcoin-tweets-2021.csv: Error tokenizing data. C error: Buffer overflow caught - possible malformed input file.

ERROR:root:Failed to load Data/bitcoin-tweets-2022.csv: Error tokenizing data. C error: Buffer overflow caught - possible malformed input file.

ERROR:root:Failed to load Data/crypto_10k_tweets_(2021_2022Nov).csv: Error tokenizing data. C error: Buffer overflow caught - possible malformed input file.

ERROR:root:Failed to load Data/unbalanced_twitter_btc_big.csv: Error tokenizing data. C error: Buffer overflow caught - possible malformed input file.

ERROR:root:Failed to load Data/bitcoin-tweets-2021.csv: Error tokenizing data. C error: Buffer overflow caught - possible malformed input file.

ERROR:root:Failed to load Data/bitcoin-tweets-2022.csv: Error tokenizing data. C error: Buffer overflow caught - possible malformed input file.

ERROR:root:Failed to load Data/crypto_10k_tweets_(2021_2022Nov).csv: Error tokenizing data. C error: Buffer overflow caught - possible malformed input file.

ERROR:root:Chunk reading failed for Data/unbalanced_twitter_btc_big.csv: Error tokenizing data. C error: Buffer overflow caught - possible malformed input file.

ERROR:root:Chunk reading failed for Data/bitcoin-tweets-2021.csv: Error tokenizing data. C error: Buffer overflow caught - possible malformed input file.

ERROR:root:Chunk reading failed for Data/bitcoin-tweets-2022.csv: Error tokenizing data. C error: Buffer overflow caught - possible malformed input file.

ERROR:root:Chunk reading failed for Data/crypto_10k_tweets_(2021_2022Nov).csv: Error tokenizing data. C error: Buffer overflow caught - possible malformed input file.

ERROR:root:Chunk reading failed for Data/Bitcoin_tweets.csv: Error tokenizing data. C error: Buffer overflow caught - possible malformed input file.

ERROR:root:Chunk reading failed for Data/unbalanced_twitter_btc_small.csv: Error tokenizing data. C error: Buffer overflow caught - possible malformed input file.

ERROR:root:Chunk reading failed for Data/balanced_twitter_btc_big.csv: Error tokenizing data. C error: Buffer overflow caught - possible malformed input file.

ERROR:root:Chunk reading failed for Data/mbsa.csv: Error tokenizing data. C error: Buffer overflow caught - possible malformed input file.

ERROR:root:Chunk reading failed for Data/Bitcoin_tweets_dataset_2.csv: Error tokenizing data. C error: Buffer overflow caught - possible malformed input file.

ERROR:root:Chunk reading failed for Data/balanced_twitter_btc_small.csv: Error tokenizing data. C error: Buffer overflow caught - possible malformed input file.

ERROR:root:Chunk reading failed for Data/Data_To_Hourervals_no_filter.csv: Error tokenizing data. C error: Expected 2 fields in line 3141, saw 3

ERROR:root:Chunk reading failed for Data/df_Final.csv: Error tokenizing data. C error: Expected 2 fields in line 3141, saw 3

ERROR:root:Chunk reading failed for Data/tweets.csv: Error tokenizing data. C error: Expected 1 fields in line 30, saw 2

